<?xml version="1.0" encoding="UTF-8"?>
<testng-results ignored="0" total="1" passed="1" failed="0" skipped="0">
  <reporter-output>
    <line>
      <![CDATA[Google]]>
    </line>
    <line>
      <![CDATA[XL:Bhanu]]>
    </line>
  </reporter-output>
  <suite started-at="2023-02-14T09:24:30 IST" name="Suite" finished-at="2023-02-14T09:25:00 IST" duration-ms="30439">
    <groups>
    </groups>
    <test started-at="2023-02-14T09:24:30 IST" name="Test" finished-at="2023-02-14T09:25:00 IST" duration-ms="30439">
      <class name="scripts.TestCase1">
        <test-method is-config="true" signature="openApp(java.lang.String,java.lang.String)[pri:0, instance:scripts.TestCase1@3f6f6701]" started-at="2023-02-14T09:24:30 IST" name="openApp" finished-at="2023-02-14T09:24:51 IST" duration-ms="21313" status="PASS">
          <params>
            <param index="0">
              <value>
                <![CDATA[firefox]]>
              </value>
            </param>
            <param index="1">
              <value>
                <![CDATA[http://www.google.com]]>
              </value>
            </param>
          </params>
          <reporter-output>
          </reporter-output>
        </test-method> <!-- openApp -->
        <test-method signature="testA()[pri:0, instance:scripts.TestCase1@3f6f6701]" started-at="2023-02-14T09:24:51 IST" name="testA" finished-at="2023-02-14T09:24:53 IST" duration-ms="2050" status="PASS">
          <reporter-output>
            <line>
              <![CDATA[Google]]>
            </line>
            <line>
              <![CDATA[XL:Bhanu]]>
            </line>
          </reporter-output>
        </test-method> <!-- testA -->
        <test-method is-config="true" signature="closeApp()[pri:0, instance:scripts.TestCase1@3f6f6701]" started-at="2023-02-14T09:24:53 IST" name="closeApp" finished-at="2023-02-14T09:25:00 IST" duration-ms="6931" status="PASS">
          <reporter-output>
          </reporter-output>
        </test-method> <!-- closeApp -->
      </class> <!-- scripts.TestCase1 -->
    </test> <!-- Test -->
  </suite> <!-- Suite -->
</testng-results>
